[2020-03-25T11:38:51.904] [DEBUG] cheese - login => username:admin,password:123456
[2020-03-25T11:38:51.905] [DEBUG] cheese - admin
[2020-03-25T11:38:51.912] [DEBUG] cheese - { inspect: [Function: inspect] }
[2020-03-25T11:38:51.914] [DEBUG] cheese - 查询失败
[2020-03-25T11:42:57.896] [DEBUG] cheese - login => username:admin,password:123456
[2020-03-25T11:42:57.896] [DEBUG] cheese - admin
[2020-03-25T11:42:57.903] [DEBUG] cheese - { inspect: [Function: inspect] }
[2020-03-25T11:42:57.903] [DEBUG] cheese - 查询失败
[2020-03-25T11:56:09.351] [DEBUG] cheese - login => username:admin,password:123456
[2020-03-25T11:56:09.351] [DEBUG] cheese - admin
[2020-03-25T11:56:09.356] [DEBUG] cheese - { inspect: [Function: inspect] }
[2020-03-25T11:56:09.356] [DEBUG] cheese - 查询失败
[2020-03-25T11:57:31.800] [DEBUG] cheese - login => username:admin,password:123456
[2020-03-25T11:57:31.801] [DEBUG] cheese - admin
[2020-03-25T11:57:31.803] [DEBUG] cheese - { inspect: [Function: inspect] }
[2020-03-25T11:57:31.803] [DEBUG] cheese - 查询失败
[2020-03-25T16:46:29.950] [DEBUG] cheese - login => username:admin,password:123456
[2020-03-25T16:46:29.952] [DEBUG] cheese - admin
[2020-03-25T16:47:57.155] [DEBUG] cheese - { inspect: [Function: inspect] }
[2020-03-25T16:47:57.157] [DEBUG] cheese - 查询失败
[2020-03-25T17:44:10.944] [DEBUG] cheese - login => username:admin,password:123456
[2020-03-25T17:44:10.945] [DEBUG] cheese - admin
[2020-03-25T17:44:17.754] [DEBUG] cheese - null
[2020-03-25T17:44:17.754] [DEBUG] cheese - null
[2020-03-26T20:48:28.367] [DEBUG] cheese - login => username:zad,password:sdasdasd
[2020-03-26T20:48:28.369] [DEBUG] cheese - zad
[2020-03-26T20:48:28.532] [DEBUG] cheese - null
[2020-03-26T20:48:28.533] [DEBUG] cheese - null
[2020-03-26T20:48:48.197] [DEBUG] cheese - login => username:admin,password:123456
[2020-03-26T20:48:48.197] [DEBUG] cheese - admin
[2020-03-26T20:48:48.201] [DEBUG] cheese - null
[2020-03-26T20:48:48.201] [DEBUG] cheese - null
[2020-03-26T20:48:56.684] [DEBUG] cheese - login => username:admin,password:123456
[2020-03-26T20:48:56.685] [DEBUG] cheese - admin
[2020-03-26T20:48:56.689] [DEBUG] cheese - null
[2020-03-26T20:48:56.689] [DEBUG] cheese - null
[2020-03-26T20:50:42.969] [DEBUG] cheese - login => username:za3,password:sddddd
[2020-03-26T20:50:42.969] [DEBUG] cheese - za3
[2020-03-26T20:50:42.972] [DEBUG] cheese - null
[2020-03-26T20:50:42.972] [DEBUG] cheese - null
[2020-03-26T20:50:54.023] [DEBUG] cheese - login => username:admin,password:123456
[2020-03-26T20:50:54.023] [DEBUG] cheese - admin
[2020-03-26T20:50:54.025] [DEBUG] cheese - null
[2020-03-26T20:50:54.026] [DEBUG] cheese - null
[2020-03-26T20:52:50.620] [DEBUG] cheese - login => username:admin,password:1234567
[2020-03-26T20:52:50.620] [DEBUG] cheese - admin
[2020-03-26T20:52:50.622] [DEBUG] cheese - null
[2020-03-26T20:52:50.622] [DEBUG] cheese - null
[2020-03-26T20:52:55.813] [DEBUG] cheese - login => username:admin,password:123456
[2020-03-26T20:52:55.813] [DEBUG] cheese - admin
[2020-03-26T20:52:55.816] [DEBUG] cheese - null
[2020-03-26T20:52:55.816] [DEBUG] cheese - null
[2020-03-26T21:00:16.770] [DEBUG] cheese - login => username:zadsf,password:sd asdfd
[2020-03-26T21:00:16.771] [DEBUG] cheese - zadsf
[2020-03-26T21:00:16.773] [DEBUG] cheese - null
[2020-03-26T21:00:16.773] [DEBUG] cheese - null
[2020-03-26T21:00:27.015] [DEBUG] cheese - login => username:admin,password:123456
[2020-03-26T21:00:27.015] [DEBUG] cheese - admin
[2020-03-26T21:00:27.018] [DEBUG] cheese - null
[2020-03-26T21:00:27.018] [DEBUG] cheese - null
[2020-03-26T21:01:53.898] [DEBUG] cheese - login => username:admin,password:123456
[2020-03-26T21:01:53.898] [DEBUG] cheese - admin
[2020-03-26T21:01:53.901] [DEBUG] cheese - null
[2020-03-26T21:01:53.901] [DEBUG] cheese - null
[2020-03-26T21:01:58.104] [DEBUG] cheese - login => username:admin,password:1234564
[2020-03-26T21:01:58.104] [DEBUG] cheese - admin
[2020-03-26T21:01:58.107] [DEBUG] cheese - null
[2020-03-26T21:01:58.107] [DEBUG] cheese - null
[2020-03-26T21:15:21.481] [DEBUG] cheese - login => username:admin,password:123456
[2020-03-26T21:15:21.481] [DEBUG] cheese - admin
[2020-03-26T21:15:21.484] [DEBUG] cheese - null
[2020-03-26T21:15:21.484] [DEBUG] cheese - null
[2020-03-26T21:16:35.341] [DEBUG] cheese - login => username:admin,password:123456
[2020-03-26T21:16:35.341] [DEBUG] cheese - admin
[2020-03-26T21:16:35.343] [DEBUG] cheese - null
[2020-03-26T21:16:35.343] [DEBUG] cheese - null
[2020-03-26T21:17:15.308] [DEBUG] cheese - login => username:admin,password:123456
[2020-03-26T21:17:15.309] [DEBUG] cheese - admin
[2020-03-26T21:17:15.314] [DEBUG] cheese - null
[2020-03-26T21:17:15.314] [DEBUG] cheese - null
[2020-03-26T21:18:06.898] [DEBUG] cheese - login => username:admin,password:123456
[2020-03-26T21:18:06.898] [DEBUG] cheese - admin
[2020-03-26T21:18:06.900] [DEBUG] cheese - null
[2020-03-26T21:18:06.900] [DEBUG] cheese - null
[2020-03-26T21:34:32.192] [DEBUG] cheese - login => username:admin,password:123456
[2020-03-26T21:34:32.192] [DEBUG] cheese - admin
[2020-03-26T21:34:32.195] [DEBUG] cheese - null
[2020-03-26T21:34:32.195] [DEBUG] cheese - null
[2020-03-26T22:11:30.285] [DEBUG] cheese - login => username:admin,password:123456
[2020-03-26T22:11:30.285] [DEBUG] cheese - admin
[2020-03-26T22:11:30.288] [DEBUG] cheese - null
[2020-03-26T22:11:30.288] [DEBUG] cheese - null
[2020-03-26T22:11:49.523] [DEBUG] cheese - login => username:admin,password:123456
[2020-03-26T22:11:49.523] [DEBUG] cheese - admin
[2020-03-26T22:11:49.527] [DEBUG] cheese - null
[2020-03-26T22:11:49.527] [DEBUG] cheese - null
[2020-03-26T22:27:13.294] [DEBUG] cheese - login => username:admin,password:123456
[2020-03-26T22:27:13.294] [DEBUG] cheese - admin
[2020-03-26T22:27:13.297] [DEBUG] cheese - null
[2020-03-26T22:27:13.297] [DEBUG] cheese - null
[2020-03-26T22:50:24.382] [DEBUG] cheese - login => username:admin,password:123456
[2020-03-26T22:50:24.382] [DEBUG] cheese - admin
[2020-03-26T22:50:24.386] [DEBUG] cheese - null
[2020-03-26T22:50:24.386] [DEBUG] cheese - null
[2020-03-26T22:50:37.434] [DEBUG] cheese - login => username:admin,password:123456
[2020-03-26T22:50:37.434] [DEBUG] cheese - admin
[2020-03-26T22:50:37.439] [DEBUG] cheese - null
[2020-03-26T22:50:37.439] [DEBUG] cheese - null
[2020-03-26T22:59:31.456] [DEBUG] cheese - login => username:admin,password:123456
[2020-03-26T22:59:31.456] [DEBUG] cheese - admin
[2020-03-26T22:59:31.458] [DEBUG] cheese - null
[2020-03-26T22:59:31.458] [DEBUG] cheese - null
[2020-03-27T08:30:55.274] [DEBUG] cheese - login => username:admin,password:123456
[2020-03-27T08:30:55.276] [DEBUG] cheese - admin
[2020-03-27T08:30:55.468] [DEBUG] cheese - null
[2020-03-27T08:30:55.469] [DEBUG] cheese - null
[2020-03-27T16:16:35.532] [DEBUG] cheese - login => username:admin,password:123456
[2020-03-27T16:16:35.533] [DEBUG] cheese - admin
[2020-03-27T16:16:35.875] [DEBUG] cheese - null
[2020-03-27T16:16:35.875] [DEBUG] cheese - null
[2020-03-27T21:28:21.213] [DEBUG] cheese - login => username:admin,password:123456
[2020-03-27T21:28:21.214] [DEBUG] cheese - admin
[2020-03-27T21:28:21.223] [DEBUG] cheese - null
[2020-03-27T21:28:21.223] [DEBUG] cheese - null
[2020-03-28T08:09:06.454] [DEBUG] cheese - login => username:admin,password:123456
[2020-03-28T08:09:06.456] [DEBUG] cheese - admin
[2020-03-28T08:09:06.795] [DEBUG] cheese - null
[2020-03-28T08:09:06.796] [DEBUG] cheese - null
[2020-03-28T09:10:50.890] [DEBUG] cheese - null
[2020-03-28T09:15:55.579] [DEBUG] cheese - null
[2020-03-28T09:17:44.234] [DEBUG] cheese - null
[2020-03-28T09:17:58.517] [DEBUG] cheese - null
[2020-03-28T09:19:04.783] [DEBUG] cheese - null
[2020-03-28T09:20:15.306] [DEBUG] cheese - null
[2020-03-28T11:01:35.521] [DEBUG] cheese - null
[2020-03-28T11:02:44.155] [DEBUG] cheese - null
[2020-03-28T11:02:46.420] [DEBUG] cheese - null
[2020-03-29T07:53:17.258] [DEBUG] cheese - login => username:admin,password:123456
[2020-03-29T07:53:17.260] [DEBUG] cheese - admin
[2020-03-29T07:53:17.564] [DEBUG] cheese - null
[2020-03-29T07:53:17.566] [DEBUG] cheese - null
[2020-03-30T07:36:13.199] [DEBUG] cheese - login => username:admin,password:123456
[2020-03-30T07:36:13.201] [DEBUG] cheese - admin
[2020-03-30T07:36:13.674] [DEBUG] cheese - null
[2020-03-30T07:36:13.675] [DEBUG] cheese - null
[2020-03-30T19:17:40.814] [DEBUG] cheese - login => username:admin,password:123456
[2020-03-30T19:17:40.815] [DEBUG] cheese - admin
[2020-03-30T19:17:41.124] [DEBUG] cheese - null
[2020-03-30T19:17:41.125] [DEBUG] cheese - null
[2020-03-30T21:13:29.245] [DEBUG] cheese - null
[2020-03-31T10:15:23.093] [DEBUG] cheese - login => username:admin,password:123456
[2020-03-31T10:15:23.094] [DEBUG] cheese - admin
[2020-03-31T10:15:23.562] [DEBUG] cheese - null
[2020-03-31T10:15:23.563] [DEBUG] cheese - null
[2020-03-31T16:18:46.058] [DEBUG] cheese - login => username:admin,password:123456
[2020-03-31T16:18:46.059] [DEBUG] cheese - admin
[2020-03-31T16:18:46.068] [DEBUG] cheese - null
[2020-03-31T16:18:46.068] [DEBUG] cheese - null
[2020-03-31T16:52:13.738] [DEBUG] cheese - login => username:admin,password:123456
[2020-03-31T16:52:13.739] [DEBUG] cheese - admin
[2020-03-31T16:52:13.745] [DEBUG] cheese - null
[2020-03-31T16:52:13.745] [DEBUG] cheese - null
[2020-03-31T17:57:21.541] [DEBUG] cheese - login => username:admin,password:123456
[2020-03-31T17:57:21.542] [DEBUG] cheese - admin
[2020-03-31T17:57:21.550] [DEBUG] cheese - null
[2020-03-31T17:57:21.550] [DEBUG] cheese - null
[2020-03-31T19:12:52.006] [DEBUG] cheese - login => username:admin,password:123456
[2020-03-31T19:12:52.008] [DEBUG] cheese - admin
[2020-03-31T19:12:52.020] [DEBUG] cheese - null
[2020-03-31T19:12:52.020] [DEBUG] cheese - null
[2020-03-31T19:48:17.045] [DEBUG] cheese - login => username:admin,password:123456
[2020-03-31T19:48:17.047] [DEBUG] cheese - admin
[2020-03-31T19:48:17.055] [DEBUG] cheese - null
[2020-03-31T19:48:17.056] [DEBUG] cheese - null
[2020-03-31T20:21:10.527] [DEBUG] cheese - login => username:admin,password:123456
[2020-03-31T20:21:10.527] [DEBUG] cheese - admin
[2020-03-31T20:21:10.531] [DEBUG] cheese - null
[2020-03-31T20:21:10.531] [DEBUG] cheese - null
[2020-03-31T20:58:36.499] [DEBUG] cheese - login => username:admin,password:123456
[2020-03-31T20:58:36.500] [DEBUG] cheese - admin
[2020-03-31T20:58:36.507] [DEBUG] cheese - null
[2020-03-31T20:58:36.508] [DEBUG] cheese - null
[2020-03-31T21:10:51.004] [DEBUG] cheese - login => username:admin,password:123456
[2020-03-31T21:10:51.004] [DEBUG] cheese - admin
[2020-03-31T21:10:51.009] [DEBUG] cheese - null
[2020-03-31T21:10:51.009] [DEBUG] cheese - null
